Warning[205] C:\USERS\MURAD\DESKTOP\PROJECT\LAST ONE\PROJECT.ASM 1 : Found directive in column 1. (include)
Message[302] C:\USERS\MURAD\DESKTOP\PROJECT\LAST ONE\PROJECT.ASM 87 : Register in operand not in bank 0.  Ensure that bank bits are correct.
Message[302] C:\USERS\MURAD\DESKTOP\PROJECT\LAST ONE\PROJECT.ASM 88 : Register in operand not in bank 0.  Ensure that bank bits are correct.
Message[302] C:\USERS\MURAD\DESKTOP\PROJECT\LAST ONE\PROJECT.ASM 90 : Register in operand not in bank 0.  Ensure that bank bits are correct.
Message[302] C:\USERS\MURAD\DESKTOP\PROJECT\LAST ONE\PROJECT.ASM 91 : Register in operand not in bank 0.  Ensure that bank bits are correct.
Message[302] C:\USERS\MURAD\DESKTOP\PROJECT\LAST ONE\PROJECT.ASM 92 : Register in operand not in bank 0.  Ensure that bank bits are correct.
Message[302] C:\USERS\MURAD\DESKTOP\PROJECT\LAST ONE\PROJECT.ASM 93 : Register in operand not in bank 0.  Ensure that bank bits are correct.
Message[302] C:\USERS\MURAD\DESKTOP\PROJECT\LAST ONE\PROJECT.ASM 94 : Register in operand not in bank 0.  Ensure that bank bits are correct.
Warning[203] C:\USERS\MURAD\DESKTOP\PROJECT\LAST ONE\PROJECT.ASM 108 : Found opcode in column 1. (return)
Warning[203] C:\USERS\MURAD\DESKTOP\PROJECT\LAST ONE\PROJECT.ASM 117 : Found opcode in column 1. (return)
Warning[202] C:\USERS\MURAD\DESKTOP\PROJECT\LAST ONE\PROJECT.ASM 120 : Argument out of range.  Least significant bits used.
Warning[203] C:\USERS\MURAD\DESKTOP\PROJECT\LAST ONE\PROJECT.ASM 143 : Found opcode in column 1. (bcf)
Warning[203] C:\USERS\MURAD\DESKTOP\PROJECT\LAST ONE\PROJECT.ASM 145 : Found opcode in column 1. (BSF)
Warning[203] C:\USERS\MURAD\DESKTOP\PROJECT\LAST ONE\PROJECT.ASM 146 : Found opcode in column 1. (GOTO)
Warning[203] C:\USERS\MURAD\DESKTOP\PROJECT\LAST ONE\PROJECT.ASM 149 : Found opcode in column 1. (bcf)
Warning[203] C:\USERS\MURAD\DESKTOP\PROJECT\LAST ONE\PROJECT.ASM 151 : Found opcode in column 1. (BSF)
Warning[202] C:\USERS\MURAD\DESKTOP\PROJECT\LAST ONE\PROJECT.ASM 155 : Argument out of range.  Least significant bits used.
Warning[202] C:\USERS\MURAD\DESKTOP\PROJECT\LAST ONE\PROJECT.ASM 176 : Argument out of range.  Least significant bits used.
Warning[203] C:\USERS\MURAD\DESKTOP\PROJECT\LAST ONE\PROJECT.ASM 194 : Found opcode in column 1. (return)
Warning[203] C:\USERS\MURAD\DESKTOP\PROJECT\LAST ONE\PROJECT.ASM 198 : Found opcode in column 1. (return)
Warning[203] C:\USERS\MURAD\DESKTOP\PROJECT\LAST ONE\PROJECT.ASM 272 : Found opcode in column 1. (RETURN)
Message[305] C:\USERS\MURAD\DESKTOP\PROJECT\LAST ONE\PROJECT.ASM 284 : Using default destination of 1 (file).
Message[305] C:\USERS\MURAD\DESKTOP\PROJECT\LAST ONE\PROJECT.ASM 289 : Using default destination of 1 (file).
Message[305] C:\USERS\MURAD\DESKTOP\PROJECT\LAST ONE\PROJECT.ASM 296 : Using default destination of 1 (file).
Warning[203] C:\USERS\MURAD\DESKTOP\PROJECT\LAST ONE\PROJECT.ASM 347 : Found opcode in column 1. (RETURN)
Warning[203] C:\USERS\MURAD\DESKTOP\PROJECT\LAST ONE\PROJECT.ASM 355 : Found opcode in column 1. (RETURN)
Warning[203] C:\USERS\MURAD\DESKTOP\PROJECT\LAST ONE\PROJECT.ASM 366 : Found opcode in column 1. (RETURN)
Warning[203] C:\USERS\MURAD\DESKTOP\PROJECT\LAST ONE\PROJECT.ASM 374 : Found opcode in column 1. (RETURN)
Warning[203] C:\USERS\MURAD\DESKTOP\PROJECT\LAST ONE\PROJECT.ASM 380 : Found opcode in column 1. (RETURN)
Warning[203] C:\USERS\MURAD\DESKTOP\PROJECT\LAST ONE\PROJECT.ASM 388 : Found opcode in column 1. (RETURN)
Warning[205] C:\USERS\MURAD\DESKTOP\PROJECT\LAST ONE\PROJECT.ASM 390 : Found directive in column 1. (END)
